#-----------------------------------------------------------
# Vivado v2020.2 (64-bit)
# SW Build 3064766 on Wed Nov 18 09:12:45 MST 2020
# IP Build 3064653 on Wed Nov 18 14:17:31 MST 2020
# Start of session at: Sat Nov 19 00:53:40 2022
# Process ID: 1732
# Current directory: E:/Academics_NYU/Sem1/Advanced VLSI Design/Project/RV32I
# Command line: vivado.exe -gui_launcher_event rodinguilauncherevent1156 E:\Academics_NYU\Sem1\Advanced VLSI Design\Project\RV32I\RV32I.xpr
# Log file: E:/Academics_NYU/Sem1/Advanced VLSI Design/Project/RV32I/vivado.log
# Journal file: E:/Academics_NYU/Sem1/Advanced VLSI Design/Project/RV32I\vivado.jou
#-----------------------------------------------------------
start_gui
open_project {E:/Academics_NYU/Sem1/Advanced VLSI Design/Project/RV32I/RV32I.xpr}
WARNING: [filemgmt 56-3] Default IP Output Path : Could not find the directory 'E:/Academics_NYU/Sem1/Advanced VLSI Design/Project/RV32I/RV32I.gen/sources_1'.
Scanning sources...
Finished scanning sources
INFO: [IP_Flow 19-234] Refreshing IP repositories
INFO: [IP_Flow 19-1704] No user IP repositories specified
INFO: [IP_Flow 19-2313] Loaded Vivado IP repository 'D:/Vivado2020/Xilinx/Vivado/2020.2/data/ip'.
open_project: Time (s): cpu = 00:00:43 ; elapsed = 00:00:29 . Memory (MB): peak = 1095.090 ; gain = 0.000
update_compile_order -fileset sources_1
exit
INFO: [Common 17-206] Exiting Vivado at Sat Nov 19 00:56:27 2022...
